# JRE version: Java(TM) SE Runtime Environment (17.0.10+11) (build 17.0.10+11-LTS-240)
# Java VM: Java HotSpot(TM) 64-Bit Server VM (17.0.10+11-LTS-240, mixed mode, sharing, tiered, compressed oops, compressed class ptrs, g1 gc, windows-amd64)
GC Precious Log:
 CPUs: 8 total, 8 available
 Memory: 7975M
 Large Page Support: Disabled
 NUMA Support: Disabled
 Compressed Oops: Enabled (32-bit)
 Heap Region Size: 1M
 Heap Min Capacity: 8M
 Heap Initial Capacity: 126M
 Heap Max Capacity: 1994M
 Pre-touch: Disabled
 Parallel Workers: 8
 Concurrent Workers: 2
 Concurrent Refinement Workers: 8
 Periodic GC: Disabled
Heap:
 garbage-first heap   total 115712K, used 83189K [0x0000000083600000, 0x0000000100000000)
  region size 1024K, 33 young (33792K), 5 survivors (5120K)
 Metaspace       used 88602K, committed 89216K, reserved 1179648K
  class space    used 12258K, committed 12544K, reserved 1048576K
GC Heap History (20 events):
Event: 32.620 GC heap before
{Heap before GC invocations=16 (full 0):
 garbage-first heap   total 79872K, used 39603K [0x0000000083600000, 0x0000000100000000)
  region size 1024K, 10 young (10240K), 3 survivors (3072K)
 Metaspace       used 59742K, committed 60096K, reserved 1114112K
  class space    used 8093K, committed 8256K, reserved 1048576K
}
Event: 32.629 GC heap after
{Heap after GC invocations=17 (full 0):
 garbage-first heap   total 79872K, used 34037K [0x0000000083600000, 0x0000000100000000)
  region size 1024K, 2 young (2048K), 2 survivors (2048K)
 Metaspace       used 59742K, committed 60096K, reserved 1114112K
  class space    used 8093K, committed 8256K, reserved 1048576K
}
Event: 34.903 GC heap before
{Heap before GC invocations=18 (full 0):
 garbage-first heap   total 79872K, used 63733K [0x0000000083600000, 0x0000000100000000)
  region size 1024K, 31 young (31744K), 2 survivors (2048K)
 Metaspace       used 66784K, committed 67200K, reserved 1114112K
  class space    used 9289K, committed 9472K, reserved 1048576K
}
Event: 34.950 GC heap after
{Heap after GC invocations=19 (full 0):
 garbage-first heap   total 79872K, used 35026K [0x0000000083600000, 0x0000000100000000)
  region size 1024K, 3 young (3072K), 3 survivors (3072K)
 Metaspace       used 66784K, committed 67200K, reserved 1114112K
  class space    used 9289K, committed 9472K, reserved 1048576K
}
Event: 36.378 GC heap before
{Heap before GC invocations=19 (full 0):
 garbage-first heap   total 79872K, used 64722K [0x0000000083600000, 0x0000000100000000)
  region size 1024K, 32 young (32768K), 3 survivors (3072K)
 Metaspace       used 71361K, committed 71744K, reserved 1114112K
  class space    used 9876K, committed 10048K, reserved 1048576K
}
Event: 36.400 GC heap after
{Heap after GC invocations=20 (full 0):
 garbage-first heap   total 96256K, used 37212K [0x0000000083600000, 0x0000000100000000)
  region size 1024K, 4 young (4096K), 4 survivors (4096K)
 Metaspace       used 71361K, committed 71744K, reserved 1114112K
  class space    used 9876K, committed 10048K, reserved 1048576K
}
Event: 37.659 GC heap before
{Heap before GC invocations=20 (full 0):
 garbage-first heap   total 96256K, used 77148K [0x0000000083600000, 0x0000000100000000)
  region size 1024K, 43 young (44032K), 4 survivors (4096K)
 Metaspace       used 75448K, committed 75968K, reserved 1179648K
  class space    used 10454K, committed 10688K, reserved 1048576K
}
Event: 37.679 GC heap after
{Heap after GC invocations=21 (full 0):
 garbage-first heap   total 96256K, used 39943K [0x0000000083600000, 0x0000000100000000)
  region size 1024K, 5 young (5120K), 5 survivors (5120K)
 Metaspace       used 75448K, committed 75968K, reserved 1179648K
  class space    used 10454K, committed 10688K, reserved 1048576K
}
Event: 38.325 GC heap before
{Heap before GC invocations=21 (full 0):
 garbage-first heap   total 96256K, used 77831K [0x0000000083600000, 0x0000000100000000)
  region size 1024K, 42 young (43008K), 5 survivors (5120K)
 Metaspace       used 76649K, committed 77120K, reserved 1179648K
  class space    used 10598K, committed 10816K, reserved 1048576K
}
Event: 38.343 GC heap after
{Heap after GC invocations=22 (full 0):
 garbage-first heap   total 96256K, used 41956K [0x0000000083600000, 0x0000000100000000)
  region size 1024K, 5 young (5120K), 5 survivors (5120K)
 Metaspace       used 76649K, committed 77120K, reserved 1179648K
  class space    used 10598K, committed 10816K, reserved 1048576K
}
Event: 39.123 GC heap before
{Heap before GC invocations=22 (full 0):
 garbage-first heap   total 96256K, used 77796K [0x0000000083600000, 0x0000000100000000)
  region size 1024K, 40 young (40960K), 5 survivors (5120K)
 Metaspace       used 78478K, committed 78976K, reserved 1179648K
  class space    used 10850K, committed 11072K, reserved 1048576K
}
Event: 39.140 GC heap after
{Heap after GC invocations=23 (full 0):
 garbage-first heap   total 96256K, used 44798K [0x0000000083600000, 0x0000000100000000)
  region size 1024K, 5 young (5120K), 5 survivors (5120K)
 Metaspace       used 78478K, committed 78976K, reserved 1179648K
  class space    used 10850K, committed 11072K, reserved 1048576K
}
Event: 40.039 GC heap before
{Heap before GC invocations=23 (full 0):
 garbage-first heap   total 96256K, used 78590K [0x0000000083600000, 0x0000000100000000)
  region size 1024K, 38 young (38912K), 5 survivors (5120K)
 Metaspace       used 83083K, committed 83584K, reserved 1179648K
  class space    used 11410K, committed 11648K, reserved 1048576K
}
Event: 40.061 GC heap after
{Heap after GC invocations=24 (full 0):
 garbage-first heap   total 115712K, used 47344K [0x0000000083600000, 0x0000000100000000)
  region size 1024K, 5 young (5120K), 5 survivors (5120K)
 Metaspace       used 83083K, committed 83584K, reserved 1179648K
  class space    used 11410K, committed 11648K, reserved 1048576K
}
Event: 41.121 GC heap before
{Heap before GC invocations=24 (full 0):
 garbage-first heap   total 115712K, used 92400K [0x0000000083600000, 0x0000000100000000)
  region size 1024K, 49 young (50176K), 5 survivors (5120K)
 Metaspace       used 84350K, committed 84864K, reserved 1179648K
  class space    used 11619K, committed 11840K, reserved 1048576K
}
Event: 41.140 GC heap after
{Heap after GC invocations=25 (full 0):
 garbage-first heap   total 115712K, used 50715K [0x0000000083600000, 0x0000000100000000)
  region size 1024K, 6 young (6144K), 6 survivors (6144K)
 Metaspace       used 84350K, committed 84864K, reserved 1179648K
  class space    used 11619K, committed 11840K, reserved 1048576K
}
Event: 42.120 GC heap before
{Heap before GC invocations=25 (full 0):
 garbage-first heap   total 115712K, used 93723K [0x0000000083600000, 0x0000000100000000)
  region size 1024K, 48 young (49152K), 6 survivors (6144K)
 Metaspace       used 85668K, committed 86208K, reserved 1179648K
  class space    used 11826K, committed 12096K, reserved 1048576K
}
Event: 42.150 GC heap after
{Heap after GC invocations=26 (full 0):
 garbage-first heap   total 115712K, used 53152K [0x0000000083600000, 0x0000000100000000)
  region size 1024K, 6 young (6144K), 6 survivors (6144K)
 Metaspace       used 85668K, committed 86208K, reserved 1179648K
  class space    used 11826K, committed 12096K, reserved 1048576K
}
Event: 43.305 GC heap before
{Heap before GC invocations=26 (full 0):
 garbage-first heap   total 115712K, used 94112K [0x0000000083600000, 0x0000000100000000)
  region size 1024K, 46 young (47104K), 6 survivors (6144K)
 Metaspace       used 87772K, committed 88256K, reserved 1179648K
  class space    used 12136K, committed 12352K, reserved 1048576K
}
Event: 43.331 GC heap after
{Heap after GC invocations=27 (full 0):
 garbage-first heap   total 115712K, used 55541K [0x0000000083600000, 0x0000000100000000)
  region size 1024K, 5 young (5120K), 5 survivors (5120K)
 Metaspace       used 87772K, committed 88256K, reserved 1179648K
  class space    used 12136K, committed 12352K, reserved 1048576K
}

